Flutter crash report.
Please report a bug at https://github.com/flutter/flutter/issues.

## command

flutter --no-color run --machine --track-widget-creation --device-id=030726dc0404 --start-paused --dart-define=flutter.inspector.structuredErrors=true --devtools-server-address=http://127.0.0.1:9100 lib/main.dart

## exception

FormatException: FormatException: Unexpected character (at character 1)
pthread_create failed
^


```
#0      _ChunkedJsonParser.fail (dart:convert-patch/convert_patch.dart:1463:5)
#1      _ChunkedJsonParser.parseNumber (dart:convert-patch/convert_patch.dart:1329:9)
#2      _ChunkedJsonParser.parse (dart:convert-patch/convert_patch.dart:931:22)
#3      _JsonStringDecoderSink.addSlice (dart:convert-patch/convert_patch.dart:1551:13)
#4      _JsonStringDecoderSink.add (dart:convert-patch/convert_patch.dart:1556:5)
#5      _ConverterStreamEventSink.add (dart:convert/chunked_conversion.dart:70:18)
#6      _SinkTransformerStreamSubscription._handleData (dart:async/stream_transformers.dart:115:24)
#7      _rootRunUnary (dart:async/zone.dart:1538:47)
#8      _CustomZone.runUnary (dart:async/zone.dart:1429:19)
#9      _CustomZone.runUnaryGuarded (dart:async/zone.dart:1329:7)
#10     _BufferingStreamSubscription._sendData (dart:async/stream_impl.dart:381:11)
#11     _BufferingStreamSubscription._add (dart:async/stream_impl.dart:312:7)
#12     _SinkTransformerStreamSubscription._add (dart:async/stream_transformers.dart:67:11)
#13     _EventSinkWrapper.add (dart:async/stream_transformers.dart:13:11)
#14     _StringAdapterSink.add (dart:convert/string_conversion.dart:228:11)
#15     _StringAdapterSink.addSlice (dart:convert/string_conversion.dart:233:7)
#16     _Utf8ConversionSink.addSlice (dart:convert/string_conversion.dart:313:20)
#17     _Utf8ConversionSink.add (dart:convert/string_conversion.dart:306:5)
#18     _ConverterStreamEventSink.add (dart:convert/chunked_conversion.dart:70:18)
#19     _SinkTransformerStreamSubscription._handleData (dart:async/stream_transformers.dart:115:24)
#20     _rootRunUnary (dart:async/zone.dart:1538:47)
#21     _CustomZone.runUnary (dart:async/zone.dart:1429:19)
#22     _CustomZone.runUnaryGuarded (dart:async/zone.dart:1329:7)
#23     _BufferingStreamSubscription._sendData (dart:async/stream_impl.dart:381:11)
#24     _BufferingStreamSubscription._add (dart:async/stream_impl.dart:312:7)
#25     _SyncStreamControllerDispatch._sendData (dart:async/stream_controller.dart:798:19)
#26     _StreamController._add (dart:async/stream_controller.dart:663:7)
#27     _StreamController.add (dart:async/stream_controller.dart:618:5)
#28     _Socket._onData (dart:io-patch/socket_patch.dart:2907:41)
#29     _rootRunUnary (dart:async/zone.dart:1546:13)
#30     _CustomZone.runUnary (dart:async/zone.dart:1429:19)
#31     _CustomZone.runUnaryGuarded (dart:async/zone.dart:1329:7)
#32     _BufferingStreamSubscription._sendData (dart:async/stream_impl.dart:381:11)
#33     _BufferingStreamSubscription._add (dart:async/stream_impl.dart:312:7)
#34     _SyncStreamControllerDispatch._sendData (dart:async/stream_controller.dart:798:19)
#35     _StreamController._add (dart:async/stream_controller.dart:663:7)
#36     _StreamController.add (dart:async/stream_controller.dart:618:5)
#37     new _RawSocket.<anonymous closure> (dart:io-patch/socket_patch.dart:2326:31)
#38     _NativeSocket.issueReadEvent.issue (dart:io-patch/socket_patch.dart:1649:14)
#39     _microtaskLoop (dart:async/schedule_microtask.dart:40:21)
#40     _startMicrotaskLoop (dart:async/schedule_microtask.dart:49:5)
#41     _runPendingImmediateCallback (dart:isolate-patch/isolate_patch.dart:127:13)
#42     _RawReceivePort._handleMessage (dart:isolate-patch/isolate_patch.dart:194:5)
```

## flutter doctor

```
[✓] Flutter (Channel stable, 3.32.0, on Ubuntu 24.04.2 LTS 6.8.0-60-generic, locale en_US.UTF-8) [233ms]
    • Flutter version 3.32.0 on channel stable at /home/brahim/develop/flutter
    • Upstream repository https://github.com/flutter/flutter.git
    • Framework revision be698c48a6 (3 weeks ago), 2025-05-19 12:59:14 -0700
    • Engine revision 1881800949
    • Dart version 3.8.0
    • DevTools version 2.45.1

[✓] Android toolchain - develop for Android devices (Android SDK version 36.0.0) [18.1s]
    • Android SDK at /home/brahim/Android/Sdk
    • Platform android-36, build-tools 36.0.0
    • Java binary at: /snap/android-studio/191/jbr/bin/java
      This is the JDK bundled with the latest Android Studio installation on this machine.
      To manually set the JDK path, use: `flutter config --jdk-dir="path/to/jdk"`.
    • Java version OpenJDK Runtime Environment (build 21.0.6+-13355223-b631.42)
    • All Android licenses accepted.

[✓] Chrome - develop for the web [192ms]
    • Chrome at google-chrome

[✗] Linux toolchain - develop for Linux desktop [195ms]
    ✗ clang++ is required for Linux development.
      It is likely available from your distribution (e.g.: apt install clang), or can be downloaded from https://releases.llvm.org/
    ✗ CMake is required for Linux development.
      It is likely available from your distribution (e.g.: apt install cmake), or can be downloaded from https://cmake.org/download/
    ✗ ninja is required for Linux development.
      It is likely available from your distribution (e.g.: apt install ninja-build), or can be downloaded from https://github.com/ninja-build/ninja/releases
    ✗ pkg-config is required for Linux development.
      It is likely available from your distribution (e.g.: apt install pkg-config), or can be downloaded from https://www.freedesktop.org/wiki/Software/pkg-config/

[✓] Android Studio (version 2024.3) [191ms]
    • Android Studio at /snap/android-studio/191
    • Flutter plugin version 85.3.1
    • Dart plugin version 243.26753.1
    • Java version OpenJDK Runtime Environment (build 21.0.6+-13355223-b631.42)

[✓] VS Code (version unknown) [2ms]
    • VS Code at /snap/code/current/usr/share/code
    • Flutter extension can be installed from:
      🔨 https://marketplace.visualstudio.com/items?itemName=Dart-Code.flutter
    ✗ Unable to determine VS Code version.

[✓] Connected device (3 available) [10.0s]
    • M2003J15SC (mobile) • 030726dc0404 • android-arm64  • Android 12 (API 31)
    • Linux (desktop)     • linux        • linux-x64      • Ubuntu 24.04.2 LTS 6.8.0-60-generic
    • Chrome (web)        • chrome       • web-javascript • Google Chrome 137.0.7151.55

[✓] Network resources [1,586ms]
    • All expected network resources are available.

! Doctor found issues in 1 category.
```
